<?xml version="1.0" encoding="UTF-8"?>
<coverage generated="1770554178008" clover="3.2.0">
  <project timestamp="1770554178008" name="All files">
    <metrics statements="51" coveredstatements="34" conditionals="39" coveredconditionals="20" methods="17" coveredmethods="16" elements="107" coveredelements="70" complexity="0" loc="51" ncloc="51" packages="1" files="2" classes="2"/>
    <file name="graphUtils.ts" path="E:\Projects\react\questgraph\src\utils\graphUtils.ts">
      <metrics statements="7" coveredstatements="7" conditionals="4" coveredconditionals="3" methods="5" coveredmethods="5"/>
      <line num="11" count="3" type="cond" truecount="2" falsecount="0"/>
      <line num="13" count="1" type="stmt"/>
      <line num="14" count="2" type="cond" truecount="1" falsecount="1"/>
      <line num="15" count="1" type="stmt"/>
      <line num="16" count="1" type="stmt"/>
      <line num="27" count="2" type="stmt"/>
      <line num="34" count="1" type="stmt"/>
    </file>
    <file name="playerTextHelper.tsx" path="E:\Projects\react\questgraph\src\utils\playerTextHelper.tsx">
      <metrics statements="44" coveredstatements="27" conditionals="35" coveredconditionals="17" methods="12" coveredmethods="11"/>
      <line num="9" count="7" type="stmt"/>
      <line num="10" count="7" type="cond" truecount="2" falsecount="0"/>
      <line num="14" count="2" type="cond" truecount="4" falsecount="0"/>
      <line num="16" count="1" type="stmt"/>
      <line num="17" count="1" type="stmt"/>
      <line num="20" count="4" type="stmt"/>
      <line num="21" count="2" type="cond" truecount="2" falsecount="0"/>
      <line num="23" count="2" type="stmt"/>
      <line num="24" count="2" type="stmt"/>
      <line num="25" count="2" type="stmt"/>
      <line num="26" count="2" type="stmt"/>
      <line num="29" count="0" type="stmt"/>
      <line num="34" count="2" type="stmt"/>
      <line num="36" count="2" type="stmt"/>
      <line num="37" count="4" type="stmt"/>
      <line num="39" count="4" type="cond" truecount="5" falsecount="0"/>
      <line num="40" count="2" type="stmt"/>
      <line num="41" count="2" type="cond" truecount="1" falsecount="1"/>
      <line num="42" count="2" type="stmt"/>
      <line num="44" count="0" type="stmt"/>
      <line num="45" count="0" type="cond" truecount="0" falsecount="2"/>
      <line num="48" count="2" type="stmt"/>
      <line num="52" count="2" type="stmt"/>
      <line num="55" count="1" type="stmt"/>
      <line num="72" count="2" type="stmt"/>
      <line num="73" count="4" type="stmt"/>
      <line num="76" count="4" type="cond" truecount="2" falsecount="0"/>
      <line num="79" count="1" type="cond" truecount="1" falsecount="1"/>
      <line num="82" count="1" type="stmt"/>
      <line num="92" count="1" type="stmt"/>
      <line num="94" count="0" type="cond" truecount="0" falsecount="2"/>
      <line num="96" count="0" type="stmt"/>
      <line num="99" count="0" type="cond" truecount="0" falsecount="2"/>
      <line num="100" count="0" type="stmt"/>
      <line num="101" count="0" type="stmt"/>
      <line num="102" count="0" type="cond" truecount="0" falsecount="2"/>
      <line num="104" count="0" type="stmt"/>
      <line num="112" count="0" type="cond" truecount="0" falsecount="2"/>
      <line num="113" count="0" type="stmt"/>
      <line num="114" count="0" type="cond" truecount="0" falsecount="2"/>
      <line num="116" count="0" type="stmt"/>
      <line num="120" count="0" type="stmt"/>
      <line num="121" count="0" type="cond" truecount="0" falsecount="2"/>
      <line num="123" count="0" type="stmt"/>
    </file>
  </project>
</coverage>
