{"E:\\Projects\\react\\questgraph\\src\\utils\\graphUtils.ts": {"path":"E:\\Projects\\react\\questgraph\\src\\utils\\graphUtils.ts","statementMap":{"0":{"start":{"line":11,"column":2},"end":{"line":11,"column":55}},"1":{"start":{"line":11,"column":23},"end":{"line":11,"column":55}},"2":{"start":{"line":13,"column":34},"end":{"line":24,"column":3}},"3":{"start":{"line":14,"column":4},"end":{"line":23,"column":9}},"4":{"start":{"line":15,"column":26},"end":{"line":15,"column":44}},"5":{"start":{"line":16,"column":24},"end":{"line":23,"column":7}},"6":{"start":{"line":27,"column":33},"end":{"line":32,"column":5}},"7":{"start":{"line":27,"column":56},"end":{"line":32,"column":3}},"8":{"start":{"line":34,"column":2},"end":{"line":37,"column":4}}},"fnMap":{"0":{"name":"buildGraphFromScenes","decl":{"start":{"line":7,"column":16},"end":{"line":7,"column":36}},"loc":{"start":{"line":10,"column":2},"end":{"line":38,"column":1}},"line":10},"1":{"name":"(anonymous_1)","decl":{"start":{"line":13,"column":49},"end":{"line":13,"column":50}},"loc":{"start":{"line":14,"column":4},"end":{"line":23,"column":9}},"line":14},"2":{"name":"(anonymous_2)","decl":{"start":{"line":15,"column":14},"end":{"line":15,"column":15}},"loc":{"start":{"line":15,"column":26},"end":{"line":15,"column":44}},"line":15},"3":{"name":"(anonymous_3)","decl":{"start":{"line":16,"column":11},"end":{"line":16,"column":12}},"loc":{"start":{"line":16,"column":24},"end":{"line":23,"column":7}},"line":16},"4":{"name":"(anonymous_4)","decl":{"start":{"line":27,"column":44},"end":{"line":27,"column":45}},"loc":{"start":{"line":27,"column":56},"end":{"line":32,"column":3}},"line":27}},"branchMap":{"0":{"loc":{"start":{"line":11,"column":2},"end":{"line":11,"column":55}},"type":"if","locations":[{"start":{"line":11,"column":2},"end":{"line":11,"column":55}},{"start":{},"end":{}}],"line":11},"1":{"loc":{"start":{"line":14,"column":5},"end":{"line":14,"column":24}},"type":"binary-expr","locations":[{"start":{"line":14,"column":5},"end":{"line":14,"column":18}},{"start":{"line":14,"column":22},"end":{"line":14,"column":24}}],"line":14}},"s":{"0":3,"1":2,"2":1,"3":2,"4":1,"5":1,"6":1,"7":2,"8":1},"f":{"0":3,"1":2,"2":1,"3":1,"4":2},"b":{"0":[2,1],"1":[2,0]},"_coverageSchema":"1a1c01bbd47fc00a2c39e90264f33305004495a9","hash":"02722237efe85cf67703ada042f7e4e71032b471"}
,"E:\\Projects\\react\\questgraph\\src\\utils\\playerTextHelper.tsx": {"path":"E:\\Projects\\react\\questgraph\\src\\utils\\playerTextHelper.tsx","statementMap":{"0":{"start":{"line":9,"column":18},"end":{"line":9,"column":60}},"1":{"start":{"line":10,"column":4},"end":{"line":10,"column":47}},"2":{"start":{"line":14,"column":4},"end":{"line":14,"column":64}},"3":{"start":{"line":14,"column":52},"end":{"line":14,"column":64}},"4":{"start":{"line":16,"column":4},"end":{"line":30,"column":5}},"5":{"start":{"line":17,"column":8},"end":{"line":27,"column":45}},"6":{"start":{"line":20,"column":25},"end":{"line":20,"column":59}},"7":{"start":{"line":20,"column":50},"end":{"line":20,"column":58}},"8":{"start":{"line":21,"column":38},"end":{"line":21,"column":50}},"9":{"start":{"line":23,"column":33},"end":{"line":23,"column":84}},"10":{"start":{"line":23,"column":68},"end":{"line":23,"column":83}},"11":{"start":{"line":24,"column":35},"end":{"line":24,"column":70}},"12":{"start":{"line":25,"column":16},"end":{"line":25,"column":43}},"13":{"start":{"line":26,"column":16},"end":{"line":26,"column":27}},"14":{"start":{"line":29,"column":8},"end":{"line":29,"column":20}},"15":{"start":{"line":34,"column":40},"end":{"line":34,"column":42}},"16":{"start":{"line":36,"column":4},"end":{"line":50,"column":5}},"17":{"start":{"line":37,"column":22},"end":{"line":37,"column":37}},"18":{"start":{"line":39,"column":8},"end":{"line":49,"column":9}},"19":{"start":{"line":40,"column":28},"end":{"line":40,"column":48}},"20":{"start":{"line":41,"column":12},"end":{"line":46,"column":13}},"21":{"start":{"line":42,"column":16},"end":{"line":42,"column":38}},"22":{"start":{"line":44,"column":28},"end":{"line":44,"column":51}},"23":{"start":{"line":45,"column":16},"end":{"line":45,"column":43}},"24":{"start":{"line":45,"column":25},"end":{"line":45,"column":43}},"25":{"start":{"line":48,"column":12},"end":{"line":48,"column":32}},"26":{"start":{"line":52,"column":4},"end":{"line":52,"column":18}},"27":{"start":{"line":55,"column":24},"end":{"line":64,"column":2}},"28":{"start":{"line":72,"column":4},"end":{"line":83,"column":7}},"29":{"start":{"line":73,"column":22},"end":{"line":73,"column":43}},"30":{"start":{"line":76,"column":8},"end":{"line":76,"column":53}},"31":{"start":{"line":76,"column":40},"end":{"line":76,"column":53}},"32":{"start":{"line":79,"column":8},"end":{"line":79,"column":48}},"33":{"start":{"line":79,"column":35},"end":{"line":79,"column":48}},"34":{"start":{"line":82,"column":8},"end":{"line":82,"column":44}},"35":{"start":{"line":92,"column":4},"end":{"line":125,"column":6}},"36":{"start":{"line":94,"column":12},"end":{"line":94,"column":44}},"37":{"start":{"line":94,"column":37},"end":{"line":94,"column":44}},"38":{"start":{"line":96,"column":25},"end":{"line":96,"column":48}},"39":{"start":{"line":99,"column":12},"end":{"line":109,"column":13}},"40":{"start":{"line":100,"column":34},"end":{"line":100,"column":55}},"41":{"start":{"line":101,"column":30},"end":{"line":101,"column":49}},"42":{"start":{"line":102,"column":33},"end":{"line":102,"column":115}},"43":{"start":{"line":104,"column":16},"end":{"line":108,"column":18}},"44":{"start":{"line":112,"column":12},"end":{"line":117,"column":13}},"45":{"start":{"line":113,"column":30},"end":{"line":113,"column":49}},"46":{"start":{"line":114,"column":33},"end":{"line":114,"column":115}},"47":{"start":{"line":116,"column":16},"end":{"line":116,"column":93}},"48":{"start":{"line":120,"column":28},"end":{"line":120,"column":50}},"49":{"start":{"line":121,"column":29},"end":{"line":121,"column":81}},"50":{"start":{"line":123,"column":12},"end":{"line":123,"column":73}}},"fnMap":{"0":{"name":"extractNumber","decl":{"start":{"line":8,"column":16},"end":{"line":8,"column":29}},"loc":{"start":{"line":8,"column":43},"end":{"line":11,"column":1}},"line":8},"1":{"name":"parseStyleString","decl":{"start":{"line":13,"column":16},"end":{"line":13,"column":32}},"loc":{"start":{"line":13,"column":77},"end":{"line":31,"column":1}},"line":13},"2":{"name":"(anonymous_2)","decl":{"start":{"line":20,"column":17},"end":{"line":20,"column":18}},"loc":{"start":{"line":20,"column":25},"end":{"line":20,"column":59}},"line":20},"3":{"name":"(anonymous_3)","decl":{"start":{"line":20,"column":45},"end":{"line":20,"column":46}},"loc":{"start":{"line":20,"column":50},"end":{"line":20,"column":58}},"line":20},"4":{"name":"(anonymous_4)","decl":{"start":{"line":21,"column":20},"end":{"line":21,"column":21}},"loc":{"start":{"line":21,"column":38},"end":{"line":21,"column":50}},"line":21},"5":{"name":"(anonymous_5)","decl":{"start":{"line":22,"column":20},"end":{"line":22,"column":21}},"loc":{"start":{"line":22,"column":43},"end":{"line":27,"column":13}},"line":22},"6":{"name":"(anonymous_6)","decl":{"start":{"line":23,"column":58},"end":{"line":23,"column":59}},"loc":{"start":{"line":23,"column":68},"end":{"line":23,"column":83}},"line":23},"7":{"name":"parseStyleValues","decl":{"start":{"line":33,"column":16},"end":{"line":33,"column":32}},"loc":{"start":{"line":33,"column":66},"end":{"line":53,"column":1}},"line":33},"8":{"name":"escapeUnknownTags","decl":{"start":{"line":70,"column":16},"end":{"line":70,"column":33}},"loc":{"start":{"line":70,"column":87},"end":{"line":84,"column":1}},"line":70},"9":{"name":"(anonymous_9)","decl":{"start":{"line":72,"column":64},"end":{"line":72,"column":65}},"loc":{"start":{"line":72,"column":91},"end":{"line":83,"column":5}},"line":72},"10":{"name":"createReplaceOptions","decl":{"start":{"line":90,"column":16},"end":{"line":90,"column":36}},"loc":{"start":{"line":90,"column":67},"end":{"line":126,"column":1}},"line":90},"11":{"name":"(anonymous_11)","decl":{"start":{"line":93,"column":17},"end":{"line":93,"column":18}},"loc":{"start":{"line":93,"column":32},"end":{"line":124,"column":9}},"line":93}},"branchMap":{"0":{"loc":{"start":{"line":10,"column":11},"end":{"line":10,"column":46}},"type":"cond-expr","locations":[{"start":{"line":10,"column":19},"end":{"line":10,"column":39}},{"start":{"line":10,"column":42},"end":{"line":10,"column":46}}],"line":10},"1":{"loc":{"start":{"line":14,"column":4},"end":{"line":14,"column":64}},"type":"if","locations":[{"start":{"line":14,"column":4},"end":{"line":14,"column":64}},{"start":{},"end":{}}],"line":14},"2":{"loc":{"start":{"line":14,"column":8},"end":{"line":14,"column":50}},"type":"binary-expr","locations":[{"start":{"line":14,"column":8},"end":{"line":14,"column":28}},{"start":{"line":14,"column":32},"end":{"line":14,"column":50}}],"line":14},"3":{"loc":{"start":{"line":21,"column":38},"end":{"line":21,"column":50}},"type":"binary-expr","locations":[{"start":{"line":21,"column":38},"end":{"line":21,"column":41}},{"start":{"line":21,"column":45},"end":{"line":21,"column":50}}],"line":21},"4":{"loc":{"start":{"line":39,"column":8},"end":{"line":49,"column":9}},"type":"if","locations":[{"start":{"line":39,"column":8},"end":{"line":49,"column":9}},{"start":{"line":47,"column":15},"end":{"line":49,"column":9}}],"line":39},"5":{"loc":{"start":{"line":39,"column":12},"end":{"line":39,"column":85}},"type":"binary-expr","locations":[{"start":{"line":39,"column":12},"end":{"line":39,"column":37}},{"start":{"line":39,"column":41},"end":{"line":39,"column":62}},{"start":{"line":39,"column":66},"end":{"line":39,"column":85}}],"line":39},"6":{"loc":{"start":{"line":41,"column":12},"end":{"line":46,"column":13}},"type":"if","locations":[{"start":{"line":41,"column":12},"end":{"line":46,"column":13}},{"start":{"line":43,"column":19},"end":{"line":46,"column":13}}],"line":41},"7":{"loc":{"start":{"line":45,"column":16},"end":{"line":45,"column":43}},"type":"if","locations":[{"start":{"line":45,"column":16},"end":{"line":45,"column":43}},{"start":{},"end":{}}],"line":45},"8":{"loc":{"start":{"line":76,"column":8},"end":{"line":76,"column":53}},"type":"if","locations":[{"start":{"line":76,"column":8},"end":{"line":76,"column":53}},{"start":{},"end":{}}],"line":76},"9":{"loc":{"start":{"line":79,"column":8},"end":{"line":79,"column":48}},"type":"if","locations":[{"start":{"line":79,"column":8},"end":{"line":79,"column":48}},{"start":{},"end":{}}],"line":79},"10":{"loc":{"start":{"line":94,"column":12},"end":{"line":94,"column":44}},"type":"if","locations":[{"start":{"line":94,"column":12},"end":{"line":94,"column":44}},{"start":{},"end":{}}],"line":94},"11":{"loc":{"start":{"line":99,"column":12},"end":{"line":109,"column":13}},"type":"if","locations":[{"start":{"line":99,"column":12},"end":{"line":109,"column":13}},{"start":{},"end":{}}],"line":99},"12":{"loc":{"start":{"line":102,"column":33},"end":{"line":102,"column":115}},"type":"cond-expr","locations":[{"start":{"line":102,"column":49},"end":{"line":102,"column":108}},{"start":{"line":102,"column":111},"end":{"line":102,"column":115}}],"line":102},"13":{"loc":{"start":{"line":105,"column":47},"end":{"line":105,"column":72}},"type":"binary-expr","locations":[{"start":{"line":105,"column":47},"end":{"line":105,"column":55}},{"start":{"line":105,"column":59},"end":{"line":105,"column":72}}],"line":105},"14":{"loc":{"start":{"line":112,"column":12},"end":{"line":117,"column":13}},"type":"if","locations":[{"start":{"line":112,"column":12},"end":{"line":117,"column":13}},{"start":{},"end":{}}],"line":112},"15":{"loc":{"start":{"line":114,"column":33},"end":{"line":114,"column":115}},"type":"cond-expr","locations":[{"start":{"line":114,"column":49},"end":{"line":114,"column":108}},{"start":{"line":114,"column":111},"end":{"line":114,"column":115}}],"line":114},"16":{"loc":{"start":{"line":121,"column":29},"end":{"line":121,"column":81}},"type":"cond-expr","locations":[{"start":{"line":121,"column":53},"end":{"line":121,"column":76}},{"start":{"line":121,"column":79},"end":{"line":121,"column":81}}],"line":121}},"s":{"0":7,"1":7,"2":2,"3":1,"4":1,"5":1,"6":2,"7":4,"8":2,"9":2,"10":1,"11":2,"12":2,"13":2,"14":0,"15":2,"16":2,"17":4,"18":4,"19":2,"20":2,"21":2,"22":0,"23":0,"24":0,"25":2,"26":2,"27":1,"28":2,"29":4,"30":4,"31":3,"32":1,"33":0,"34":1,"35":1,"36":0,"37":0,"38":0,"39":0,"40":0,"41":0,"42":0,"43":0,"44":0,"45":0,"46":0,"47":0,"48":0,"49":0,"50":0},"f":{"0":7,"1":2,"2":2,"3":4,"4":2,"5":2,"6":1,"7":2,"8":2,"9":4,"10":1,"11":0},"b":{"0":[5,2],"1":[1,1],"2":[2,1],"3":[2,2],"4":[2,2],"5":[4,4,2],"6":[2,0],"7":[0,0],"8":[3,1],"9":[0,1],"10":[0,0],"11":[0,0],"12":[0,0],"13":[0,0],"14":[0,0],"15":[0,0],"16":[0,0]},"_coverageSchema":"1a1c01bbd47fc00a2c39e90264f33305004495a9","hash":"98bbfb6e1d305780bb48bb95227cd3405972ad6e"}
}
