TN:
SF:src\utils\graphUtils.ts
FN:7,buildGraphFromScenes
FN:13,(anonymous_1)
FN:15,(anonymous_2)
FN:16,(anonymous_3)
FN:27,(anonymous_4)
FNF:5
FNH:5
FNDA:3,buildGraphFromScenes
FNDA:2,(anonymous_1)
FNDA:1,(anonymous_2)
FNDA:1,(anonymous_3)
FNDA:2,(anonymous_4)
DA:11,3
DA:13,1
DA:14,2
DA:15,1
DA:16,1
DA:27,2
DA:34,1
LF:7
LH:7
BRDA:11,0,0,2
BRDA:11,0,1,1
BRDA:14,1,0,2
BRDA:14,1,1,0
BRF:4
BRH:3
end_of_record
TN:
SF:src\utils\playerTextHelper.tsx
FN:8,extractNumber
FN:13,parseStyleString
FN:20,(anonymous_2)
FN:20,(anonymous_3)
FN:21,(anonymous_4)
FN:22,(anonymous_5)
FN:23,(anonymous_6)
FN:33,parseStyleValues
FN:70,escapeUnknownTags
FN:72,(anonymous_9)
FN:90,createReplaceOptions
FN:93,(anonymous_11)
FNF:12
FNH:11
FNDA:7,extractNumber
FNDA:2,parseStyleString
FNDA:2,(anonymous_2)
FNDA:4,(anonymous_3)
FNDA:2,(anonymous_4)
FNDA:2,(anonymous_5)
FNDA:1,(anonymous_6)
FNDA:2,parseStyleValues
FNDA:2,escapeUnknownTags
FNDA:4,(anonymous_9)
FNDA:1,createReplaceOptions
FNDA:0,(anonymous_11)
DA:9,7
DA:10,7
DA:14,2
DA:16,1
DA:17,1
DA:20,4
DA:21,2
DA:23,2
DA:24,2
DA:25,2
DA:26,2
DA:29,0
DA:34,2
DA:36,2
DA:37,4
DA:39,4
DA:40,2
DA:41,2
DA:42,2
DA:44,0
DA:45,0
DA:48,2
DA:52,2
DA:55,1
DA:72,2
DA:73,4
DA:76,4
DA:79,1
DA:82,1
DA:92,1
DA:94,0
DA:96,0
DA:99,0
DA:100,0
DA:101,0
DA:102,0
DA:104,0
DA:112,0
DA:113,0
DA:114,0
DA:116,0
DA:120,0
DA:121,0
DA:123,0
LF:44
LH:27
BRDA:10,0,0,5
BRDA:10,0,1,2
BRDA:14,1,0,1
BRDA:14,1,1,1
BRDA:14,2,0,2
BRDA:14,2,1,1
BRDA:21,3,0,2
BRDA:21,3,1,2
BRDA:39,4,0,2
BRDA:39,4,1,2
BRDA:39,5,0,4
BRDA:39,5,1,4
BRDA:39,5,2,2
BRDA:41,6,0,2
BRDA:41,6,1,0
BRDA:45,7,0,0
BRDA:45,7,1,0
BRDA:76,8,0,3
BRDA:76,8,1,1
BRDA:79,9,0,0
BRDA:79,9,1,1
BRDA:94,10,0,0
BRDA:94,10,1,0
BRDA:99,11,0,0
BRDA:99,11,1,0
BRDA:102,12,0,0
BRDA:102,12,1,0
BRDA:105,13,0,0
BRDA:105,13,1,0
BRDA:112,14,0,0
BRDA:112,14,1,0
BRDA:114,15,0,0
BRDA:114,15,1,0
BRDA:121,16,0,0
BRDA:121,16,1,0
BRF:35
BRH:17
end_of_record
